[2025-09-01T00:18:10+0100] BUILD
Start building sites … 
hugo v0.148.2+extended+withdeploy darwin/arm64 BuildDate=2025-07-27T12:43:24Z VendorInfo=brew

WARN  Raw HTML omitted while rendering "/Users/carlel/freelancer-tax-blog/project_11k/site/blog/content/search/index.md"; see https://gohugo.io/getting-started/configuration-markup/#rendererunsafe
You can suppress this warning by adding the following to your site configuration:
ignoreLogs = ['warning-goldmark-raw-html']
Total in 40 ms
Error: error building site: render: failed to render pages: render of "/Users/carlel/freelancer-tax-blog/project_11k/site/blog/content/guides/getting-started/index.md" failed: "/Users/carlel/freelancer-tax-blog/project_11k/site/blog/layouts/_default/baseof.html:55:57": execute of template failed: template: guides/single.html:55:57: executing "guides/single.html" at <partial "coverpicture.html" .>: error calling partial: partial "coverpicture.html" not found
[2025-09-01T00:18:12+0100] BUILD
Start building sites … 
hugo v0.148.2+extended+withdeploy darwin/arm64 BuildDate=2025-07-27T12:43:24Z VendorInfo=brew

WARN  Raw HTML omitted while rendering "/Users/carlel/freelancer-tax-blog/project_11k/site/blog/content/search/index.md"; see https://gohugo.io/getting-started/configuration-markup/#rendererunsafe
You can suppress this warning by adding the following to your site configuration:
ignoreLogs = ['warning-goldmark-raw-html']
Total in 19 ms
Error: error building site: render: failed to render pages: render of "/Users/carlel/freelancer-tax-blog/project_11k/site/blog/content/guides/getting-started/index.md" failed: "/Users/carlel/freelancer-tax-blog/project_11k/site/blog/layouts/_default/baseof.html:55:57": execute of template failed: template: guides/single.html:55:57: executing "guides/single.html" at <partial "coverpicture.html" .>: error calling partial: partial "coverpicture.html" not found
[2025-09-01T00:18:13+0100] BUILD
Start building sites … 
hugo v0.148.2+extended+withdeploy darwin/arm64 BuildDate=2025-07-27T12:43:24Z VendorInfo=brew

WARN  Raw HTML omitted while rendering "/Users/carlel/freelancer-tax-blog/project_11k/site/blog/content/search/index.md"; see https://gohugo.io/getting-started/configuration-markup/#rendererunsafe
You can suppress this warning by adding the following to your site configuration:
ignoreLogs = ['warning-goldmark-raw-html']
Total in 20 ms
Error: error building site: render: failed to render pages: render of "/Users/carlel/freelancer-tax-blog/project_11k/site/blog/content/guides/getting-started/index.md" failed: "/Users/carlel/freelancer-tax-blog/project_11k/site/blog/layouts/_default/baseof.html:55:57": execute of template failed: template: guides/single.html:55:57: executing "guides/single.html" at <partial "coverpicture.html" .>: error calling partial: partial "coverpicture.html" not found
[2025-09-01T00:18:14+0100] BUILD
Start building sites … 
hugo v0.148.2+extended+withdeploy darwin/arm64 BuildDate=2025-07-27T12:43:24Z VendorInfo=brew

WARN  Raw HTML omitted while rendering "/Users/carlel/freelancer-tax-blog/project_11k/site/blog/content/search/index.md"; see https://gohugo.io/getting-started/configuration-markup/#rendererunsafe
You can suppress this warning by adding the following to your site configuration:
ignoreLogs = ['warning-goldmark-raw-html']
Total in 21 ms
Error: error building site: render: failed to render pages: render of "/Users/carlel/freelancer-tax-blog/project_11k/site/blog/content/guides/getting-started/index.md" failed: "/Users/carlel/freelancer-tax-blog/project_11k/site/blog/layouts/_default/baseof.html:55:57": execute of template failed: template: guides/single.html:55:57: executing "guides/single.html" at <partial "coverpicture.html" .>: error calling partial: partial "coverpicture.html" not found
[2025-09-01T00:18:15+0100] BUILD
Start building sites … 
hugo v0.148.2+extended+withdeploy darwin/arm64 BuildDate=2025-07-27T12:43:24Z VendorInfo=brew

WARN  Raw HTML omitted while rendering "/Users/carlel/freelancer-tax-blog/project_11k/site/blog/content/search/index.md"; see https://gohugo.io/getting-started/configuration-markup/#rendererunsafe
You can suppress this warning by adding the following to your site configuration:
ignoreLogs = ['warning-goldmark-raw-html']
Total in 20 ms
Error: error building site: render: failed to render pages: render of "/Users/carlel/freelancer-tax-blog/project_11k/site/blog/content/guides/getting-started/index.md" failed: "/Users/carlel/freelancer-tax-blog/project_11k/site/blog/layouts/_default/baseof.html:55:57": execute of template failed: template: guides/single.html:55:57: executing "guides/single.html" at <partial "coverpicture.html" .>: error calling partial: partial "coverpicture.html" not found
[2025-09-01T00:18:16+0100] BUILD
Start building sites … 
hugo v0.148.2+extended+withdeploy darwin/arm64 BuildDate=2025-07-27T12:43:24Z VendorInfo=brew

WARN  Raw HTML omitted while rendering "/Users/carlel/freelancer-tax-blog/project_11k/site/blog/content/search/index.md"; see https://gohugo.io/getting-started/configuration-markup/#rendererunsafe
You can suppress this warning by adding the following to your site configuration:
ignoreLogs = ['warning-goldmark-raw-html']
Total in 20 ms
Error: error building site: render: failed to render pages: render of "/Users/carlel/freelancer-tax-blog/project_11k/site/blog/content/guides/getting-started/index.md" failed: "/Users/carlel/freelancer-tax-blog/project_11k/site/blog/layouts/_default/baseof.html:55:57": execute of template failed: template: guides/single.html:55:57: executing "guides/single.html" at <partial "coverpicture.html" .>: error calling partial: partial "coverpicture.html" not found
[2025-09-01T00:18:17+0100] BUILD
Start building sites … 
hugo v0.148.2+extended+withdeploy darwin/arm64 BuildDate=2025-07-27T12:43:24Z VendorInfo=brew

WARN  Raw HTML omitted while rendering "/Users/carlel/freelancer-tax-blog/project_11k/site/blog/content/search/index.md"; see https://gohugo.io/getting-started/configuration-markup/#rendererunsafe
You can suppress this warning by adding the following to your site configuration:
ignoreLogs = ['warning-goldmark-raw-html']
Total in 22 ms
Error: error building site: render: failed to render pages: render of "/Users/carlel/freelancer-tax-blog/project_11k/site/blog/content/guides/getting-started/index.md" failed: "/Users/carlel/freelancer-tax-blog/project_11k/site/blog/layouts/_default/baseof.html:55:57": execute of template failed: template: guides/single.html:55:57: executing "guides/single.html" at <partial "coverpicture.html" .>: error calling partial: partial "coverpicture.html" not found
[2025-09-01T00:18:18+0100] BUILD
Start building sites … 
hugo v0.148.2+extended+withdeploy darwin/arm64 BuildDate=2025-07-27T12:43:24Z VendorInfo=brew

WARN  Raw HTML omitted while rendering "/Users/carlel/freelancer-tax-blog/project_11k/site/blog/content/search/index.md"; see https://gohugo.io/getting-started/configuration-markup/#rendererunsafe
You can suppress this warning by adding the following to your site configuration:
ignoreLogs = ['warning-goldmark-raw-html']
Total in 19 ms
Error: error building site: render: failed to render pages: render of "/Users/carlel/freelancer-tax-blog/project_11k/site/blog/content/guides/getting-started.md" failed: "/Users/carlel/freelancer-tax-blog/project_11k/site/blog/layouts/_default/baseof.html:55:57": execute of template failed: template: guides/single.html:55:57: executing "guides/single.html" at <partial "coverpicture.html" .>: error calling partial: partial "coverpicture.html" not found
[2025-09-01T00:18:19+0100] BUILD
Start building sites … 
hugo v0.148.2+extended+withdeploy darwin/arm64 BuildDate=2025-07-27T12:43:24Z VendorInfo=brew

WARN  Raw HTML omitted while rendering "/Users/carlel/freelancer-tax-blog/project_11k/site/blog/content/search/index.md"; see https://gohugo.io/getting-started/configuration-markup/#rendererunsafe
You can suppress this warning by adding the following to your site configuration:
ignoreLogs = ['warning-goldmark-raw-html']
Total in 19 ms
Error: error building site: render: failed to render pages: render of "/Users/carlel/freelancer-tax-blog/project_11k/site/blog/content/guides/getting-started/index.md" failed: "/Users/carlel/freelancer-tax-blog/project_11k/site/blog/layouts/_default/baseof.html:55:57": execute of template failed: template: guides/single.html:55:57: executing "guides/single.html" at <partial "coverpicture.html" .>: error calling partial: partial "coverpicture.html" not found
[2025-09-01T00:18:21+0100] BUILD
Start building sites … 
hugo v0.148.2+extended+withdeploy darwin/arm64 BuildDate=2025-07-27T12:43:24Z VendorInfo=brew

WARN  Raw HTML omitted while rendering "/Users/carlel/freelancer-tax-blog/project_11k/site/blog/content/search/index.md"; see https://gohugo.io/getting-started/configuration-markup/#rendererunsafe
You can suppress this warning by adding the following to your site configuration:
ignoreLogs = ['warning-goldmark-raw-html']
Total in 20 ms
Error: error building site: render: failed to render pages: render of "/Users/carlel/freelancer-tax-blog/project_11k/site/blog/content/guides/getting-started/index.md" failed: "/Users/carlel/freelancer-tax-blog/project_11k/site/blog/layouts/_default/baseof.html:55:57": execute of template failed: template: guides/single.html:55:57: executing "guides/single.html" at <partial "coverpicture.html" .>: error calling partial: partial "coverpicture.html" not found
[2025-09-01T00:18:22+0100] BUILD
Start building sites … 
hugo v0.148.2+extended+withdeploy darwin/arm64 BuildDate=2025-07-27T12:43:24Z VendorInfo=brew

WARN  Raw HTML omitted while rendering "/Users/carlel/freelancer-tax-blog/project_11k/site/blog/content/search/index.md"; see https://gohugo.io/getting-started/configuration-markup/#rendererunsafe
You can suppress this warning by adding the following to your site configuration:
ignoreLogs = ['warning-goldmark-raw-html']
Total in 23 ms
Error: error building site: render: failed to render pages: render of "/Users/carlel/freelancer-tax-blog/project_11k/site/blog/content/guides/getting-started/index.md" failed: "/Users/carlel/freelancer-tax-blog/project_11k/site/blog/layouts/_default/baseof.html:55:57": execute of template failed: template: guides/single.html:55:57: executing "guides/single.html" at <partial "coverpicture.html" .>: error calling partial: partial "coverpicture.html" not found
[2025-09-01T00:18:23+0100] BUILD
Start building sites … 
hugo v0.148.2+extended+withdeploy darwin/arm64 BuildDate=2025-07-27T12:43:24Z VendorInfo=brew

WARN  Raw HTML omitted while rendering "/Users/carlel/freelancer-tax-blog/project_11k/site/blog/content/search/index.md"; see https://gohugo.io/getting-started/configuration-markup/#rendererunsafe
You can suppress this warning by adding the following to your site configuration:
ignoreLogs = ['warning-goldmark-raw-html']
Total in 21 ms
Error: error building site: render: failed to render pages: render of "/Users/carlel/freelancer-tax-blog/project_11k/site/blog/content/guides/getting-started.md" failed: "/Users/carlel/freelancer-tax-blog/project_11k/site/blog/layouts/_default/baseof.html:55:57": execute of template failed: template: guides/single.html:55:57: executing "guides/single.html" at <partial "coverpicture.html" .>: error calling partial: partial "coverpicture.html" not found
[2025-09-01T00:18:24+0100] BUILD
Start building sites … 
hugo v0.148.2+extended+withdeploy darwin/arm64 BuildDate=2025-07-27T12:43:24Z VendorInfo=brew

WARN  Raw HTML omitted while rendering "/Users/carlel/freelancer-tax-blog/project_11k/site/blog/content/search/index.md"; see https://gohugo.io/getting-started/configuration-markup/#rendererunsafe
You can suppress this warning by adding the following to your site configuration:
ignoreLogs = ['warning-goldmark-raw-html']
Total in 18 ms
Error: error building site: render: failed to render pages: render of "/Users/carlel/freelancer-tax-blog/project_11k/site/blog/content/guides/getting-started/index.md" failed: "/Users/carlel/freelancer-tax-blog/project_11k/site/blog/layouts/_default/baseof.html:55:57": execute of template failed: template: guides/single.html:55:57: executing "guides/single.html" at <partial "coverpicture.html" .>: error calling partial: partial "coverpicture.html" not found
[2025-09-01T00:18:25+0100] BUILD
Start building sites … 
hugo v0.148.2+extended+withdeploy darwin/arm64 BuildDate=2025-07-27T12:43:24Z VendorInfo=brew

WARN  Raw HTML omitted while rendering "/Users/carlel/freelancer-tax-blog/project_11k/site/blog/content/search/index.md"; see https://gohugo.io/getting-started/configuration-markup/#rendererunsafe
You can suppress this warning by adding the following to your site configuration:
ignoreLogs = ['warning-goldmark-raw-html']
Total in 18 ms
Error: error building site: render: failed to render pages: render of "/Users/carlel/freelancer-tax-blog/project_11k/site/blog/content/guides/getting-started/index.md" failed: "/Users/carlel/freelancer-tax-blog/project_11k/site/blog/layouts/_default/baseof.html:55:57": execute of template failed: template: guides/single.html:55:57: executing "guides/single.html" at <partial "coverpicture.html" .>: error calling partial: partial "coverpicture.html" not found
[2025-09-01T00:18:26+0100] BUILD
Start building sites … 
hugo v0.148.2+extended+withdeploy darwin/arm64 BuildDate=2025-07-27T12:43:24Z VendorInfo=brew

WARN  Raw HTML omitted while rendering "/Users/carlel/freelancer-tax-blog/project_11k/site/blog/content/search/index.md"; see https://gohugo.io/getting-started/configuration-markup/#rendererunsafe
You can suppress this warning by adding the following to your site configuration:
ignoreLogs = ['warning-goldmark-raw-html']
Total in 21 ms
Error: error building site: render: failed to render pages: render of "/Users/carlel/freelancer-tax-blog/project_11k/site/blog/content/guides/getting-started/index.md" failed: "/Users/carlel/freelancer-tax-blog/project_11k/site/blog/layouts/_default/baseof.html:55:57": execute of template failed: template: guides/single.html:55:57: executing "guides/single.html" at <partial "coverpicture.html" .>: error calling partial: partial "coverpicture.html" not found
[2025-09-01T00:18:27+0100] BUILD
Start building sites … 
hugo v0.148.2+extended+withdeploy darwin/arm64 BuildDate=2025-07-27T12:43:24Z VendorInfo=brew

WARN  Raw HTML omitted while rendering "/Users/carlel/freelancer-tax-blog/project_11k/site/blog/content/search/index.md"; see https://gohugo.io/getting-started/configuration-markup/#rendererunsafe
You can suppress this warning by adding the following to your site configuration:
ignoreLogs = ['warning-goldmark-raw-html']
Total in 19 ms
Error: error building site: render: failed to render pages: render of "/Users/carlel/freelancer-tax-blog/project_11k/site/blog/content/guides/getting-started.md" failed: "/Users/carlel/freelancer-tax-blog/project_11k/site/blog/layouts/_default/baseof.html:55:57": execute of template failed: template: guides/single.html:55:57: executing "guides/single.html" at <partial "coverpicture.html" .>: error calling partial: partial "coverpicture.html" not found
[2025-09-01T00:18:29+0100] BUILD
Start building sites … 
hugo v0.148.2+extended+withdeploy darwin/arm64 BuildDate=2025-07-27T12:43:24Z VendorInfo=brew

WARN  Raw HTML omitted while rendering "/Users/carlel/freelancer-tax-blog/project_11k/site/blog/content/search/index.md"; see https://gohugo.io/getting-started/configuration-markup/#rendererunsafe
You can suppress this warning by adding the following to your site configuration:
ignoreLogs = ['warning-goldmark-raw-html']
Total in 19 ms
Error: error building site: render: failed to render pages: render of "/Users/carlel/freelancer-tax-blog/project_11k/site/blog/content/guides/getting-started.md" failed: "/Users/carlel/freelancer-tax-blog/project_11k/site/blog/layouts/_default/baseof.html:55:57": execute of template failed: template: guides/single.html:55:57: executing "guides/single.html" at <partial "coverpicture.html" .>: error calling partial: partial "coverpicture.html" not found
[2025-09-01T00:18:30+0100] BUILD
Start building sites … 
hugo v0.148.2+extended+withdeploy darwin/arm64 BuildDate=2025-07-27T12:43:24Z VendorInfo=brew

WARN  Raw HTML omitted while rendering "/Users/carlel/freelancer-tax-blog/project_11k/site/blog/content/search/index.md"; see https://gohugo.io/getting-started/configuration-markup/#rendererunsafe
You can suppress this warning by adding the following to your site configuration:
ignoreLogs = ['warning-goldmark-raw-html']
Total in 19 ms
Error: error building site: render: failed to render pages: render of "/Users/carlel/freelancer-tax-blog/project_11k/site/blog/content/guides/getting-started/index.md" failed: "/Users/carlel/freelancer-tax-blog/project_11k/site/blog/layouts/_default/baseof.html:55:57": execute of template failed: template: guides/single.html:55:57: executing "guides/single.html" at <partial "coverpicture.html" .>: error calling partial: partial "coverpicture.html" not found
[2025-09-01T00:18:31+0100] BUILD
Start building sites … 
hugo v0.148.2+extended+withdeploy darwin/arm64 BuildDate=2025-07-27T12:43:24Z VendorInfo=brew

WARN  Raw HTML omitted while rendering "/Users/carlel/freelancer-tax-blog/project_11k/site/blog/content/search/index.md"; see https://gohugo.io/getting-started/configuration-markup/#rendererunsafe
You can suppress this warning by adding the following to your site configuration:
ignoreLogs = ['warning-goldmark-raw-html']
Total in 18 ms
Error: error building site: render: failed to render pages: render of "/Users/carlel/freelancer-tax-blog/project_11k/site/blog/content/guides/getting-started/index.md" failed: "/Users/carlel/freelancer-tax-blog/project_11k/site/blog/layouts/_default/baseof.html:55:57": execute of template failed: template: guides/single.html:55:57: executing "guides/single.html" at <partial "coverpicture.html" .>: error calling partial: partial "coverpicture.html" not found
[2025-09-01T00:18:32+0100] BUILD
Start building sites … 
hugo v0.148.2+extended+withdeploy darwin/arm64 BuildDate=2025-07-27T12:43:24Z VendorInfo=brew

WARN  Raw HTML omitted while rendering "/Users/carlel/freelancer-tax-blog/project_11k/site/blog/content/search/index.md"; see https://gohugo.io/getting-started/configuration-markup/#rendererunsafe
You can suppress this warning by adding the following to your site configuration:
ignoreLogs = ['warning-goldmark-raw-html']
Total in 19 ms
Error: error building site: render: failed to render pages: render of "/Users/carlel/freelancer-tax-blog/project_11k/site/blog/content/guides/getting-started/index.md" failed: "/Users/carlel/freelancer-tax-blog/project_11k/site/blog/layouts/_default/baseof.html:55:57": execute of template failed: template: guides/single.html:55:57: executing "guides/single.html" at <partial "coverpicture.html" .>: error calling partial: partial "coverpicture.html" not found
[2025-09-01T00:18:33+0100] BUILD
Start building sites … 
hugo v0.148.2+extended+withdeploy darwin/arm64 BuildDate=2025-07-27T12:43:24Z VendorInfo=brew

WARN  Raw HTML omitted while rendering "/Users/carlel/freelancer-tax-blog/project_11k/site/blog/content/search/index.md"; see https://gohugo.io/getting-started/configuration-markup/#rendererunsafe
You can suppress this warning by adding the following to your site configuration:
ignoreLogs = ['warning-goldmark-raw-html']
Total in 19 ms
Error: error building site: render: failed to render pages: render of "/Users/carlel/freelancer-tax-blog/project_11k/site/blog/content/guides/getting-started/index.md" failed: "/Users/carlel/freelancer-tax-blog/project_11k/site/blog/layouts/_default/baseof.html:55:57": execute of template failed: template: guides/single.html:55:57: executing "guides/single.html" at <partial "coverpicture.html" .>: error calling partial: partial "coverpicture.html" not found
[2025-09-01T00:18:34+0100] BUILD
Start building sites … 
hugo v0.148.2+extended+withdeploy darwin/arm64 BuildDate=2025-07-27T12:43:24Z VendorInfo=brew

WARN  Raw HTML omitted while rendering "/Users/carlel/freelancer-tax-blog/project_11k/site/blog/content/search/index.md"; see https://gohugo.io/getting-started/configuration-markup/#rendererunsafe
You can suppress this warning by adding the following to your site configuration:
ignoreLogs = ['warning-goldmark-raw-html']
Total in 22 ms
Error: error building site: render: failed to render pages: render of "/Users/carlel/freelancer-tax-blog/project_11k/site/blog/content/guides/getting-started.md" failed: "/Users/carlel/freelancer-tax-blog/project_11k/site/blog/layouts/_default/baseof.html:55:57": execute of template failed: template: guides/single.html:55:57: executing "guides/single.html" at <partial "coverpicture.html" .>: error calling partial: partial "coverpicture.html" not found
[2025-09-01T00:18:35+0100] BUILD
Start building sites … 
hugo v0.148.2+extended+withdeploy darwin/arm64 BuildDate=2025-07-27T12:43:24Z VendorInfo=brew

WARN  Raw HTML omitted while rendering "/Users/carlel/freelancer-tax-blog/project_11k/site/blog/content/search/index.md"; see https://gohugo.io/getting-started/configuration-markup/#rendererunsafe
You can suppress this warning by adding the following to your site configuration:
ignoreLogs = ['warning-goldmark-raw-html']
Total in 19 ms
Error: error building site: render: failed to render pages: render of "/Users/carlel/freelancer-tax-blog/project_11k/site/blog/content/guides/getting-started/index.md" failed: "/Users/carlel/freelancer-tax-blog/project_11k/site/blog/layouts/_default/baseof.html:55:57": execute of template failed: template: guides/single.html:55:57: executing "guides/single.html" at <partial "coverpicture.html" .>: error calling partial: partial "coverpicture.html" not found
[2025-09-01T00:18:37+0100] BUILD
Start building sites … 
hugo v0.148.2+extended+withdeploy darwin/arm64 BuildDate=2025-07-27T12:43:24Z VendorInfo=brew

WARN  Raw HTML omitted while rendering "/Users/carlel/freelancer-tax-blog/project_11k/site/blog/content/search/index.md"; see https://gohugo.io/getting-started/configuration-markup/#rendererunsafe
You can suppress this warning by adding the following to your site configuration:
ignoreLogs = ['warning-goldmark-raw-html']
Total in 20 ms
Error: error building site: render: failed to render pages: render of "/Users/carlel/freelancer-tax-blog/project_11k/site/blog/content/guides/getting-started/index.md" failed: "/Users/carlel/freelancer-tax-blog/project_11k/site/blog/layouts/_default/baseof.html:55:57": execute of template failed: template: guides/single.html:55:57: executing "guides/single.html" at <partial "coverpicture.html" .>: error calling partial: partial "coverpicture.html" not found
[2025-09-01T00:18:38+0100] BUILD
Start building sites … 
hugo v0.148.2+extended+withdeploy darwin/arm64 BuildDate=2025-07-27T12:43:24Z VendorInfo=brew

WARN  Raw HTML omitted while rendering "/Users/carlel/freelancer-tax-blog/project_11k/site/blog/content/search/index.md"; see https://gohugo.io/getting-started/configuration-markup/#rendererunsafe
You can suppress this warning by adding the following to your site configuration:
ignoreLogs = ['warning-goldmark-raw-html']
Total in 20 ms
Error: error building site: render: failed to render pages: render of "/Users/carlel/freelancer-tax-blog/project_11k/site/blog/content/guides/getting-started.md" failed: "/Users/carlel/freelancer-tax-blog/project_11k/site/blog/layouts/_default/baseof.html:55:57": execute of template failed: template: guides/single.html:55:57: executing "guides/single.html" at <partial "coverpicture.html" .>: error calling partial: partial "coverpicture.html" not found
[2025-09-01T00:18:39+0100] BUILD
Start building sites … 
hugo v0.148.2+extended+withdeploy darwin/arm64 BuildDate=2025-07-27T12:43:24Z VendorInfo=brew

WARN  Raw HTML omitted while rendering "/Users/carlel/freelancer-tax-blog/project_11k/site/blog/content/search/index.md"; see https://gohugo.io/getting-started/configuration-markup/#rendererunsafe
You can suppress this warning by adding the following to your site configuration:
ignoreLogs = ['warning-goldmark-raw-html']
Total in 19 ms
Error: error building site: render: failed to render pages: render of "/Users/carlel/freelancer-tax-blog/project_11k/site/blog/content/guides/getting-started/index.md" failed: "/Users/carlel/freelancer-tax-blog/project_11k/site/blog/layouts/_default/baseof.html:55:57": execute of template failed: template: guides/single.html:55:57: executing "guides/single.html" at <partial "coverpicture.html" .>: error calling partial: partial "coverpicture.html" not found
[2025-09-01T00:18:40+0100] BUILD
Start building sites … 
hugo v0.148.2+extended+withdeploy darwin/arm64 BuildDate=2025-07-27T12:43:24Z VendorInfo=brew

WARN  Raw HTML omitted while rendering "/Users/carlel/freelancer-tax-blog/project_11k/site/blog/content/search/index.md"; see https://gohugo.io/getting-started/configuration-markup/#rendererunsafe
You can suppress this warning by adding the following to your site configuration:
ignoreLogs = ['warning-goldmark-raw-html']
Total in 18 ms
Error: error building site: render: failed to render pages: render of "/Users/carlel/freelancer-tax-blog/project_11k/site/blog/content/guides/getting-started.md" failed: "/Users/carlel/freelancer-tax-blog/project_11k/site/blog/layouts/_default/baseof.html:55:57": execute of template failed: template: guides/single.html:55:57: executing "guides/single.html" at <partial "coverpicture.html" .>: error calling partial: partial "coverpicture.html" not found
[2025-09-01T00:18:41+0100] BUILD
Start building sites … 
hugo v0.148.2+extended+withdeploy darwin/arm64 BuildDate=2025-07-27T12:43:24Z VendorInfo=brew

WARN  Raw HTML omitted while rendering "/Users/carlel/freelancer-tax-blog/project_11k/site/blog/content/search/index.md"; see https://gohugo.io/getting-started/configuration-markup/#rendererunsafe
You can suppress this warning by adding the following to your site configuration:
ignoreLogs = ['warning-goldmark-raw-html']
Total in 18 ms
Error: error building site: render: failed to render pages: render of "/Users/carlel/freelancer-tax-blog/project_11k/site/blog/content/guides/getting-started/index.md" failed: "/Users/carlel/freelancer-tax-blog/project_11k/site/blog/layouts/_default/baseof.html:55:57": execute of template failed: template: guides/single.html:55:57: executing "guides/single.html" at <partial "coverpicture.html" .>: error calling partial: partial "coverpicture.html" not found
[2025-09-01T00:18:42+0100] BUILD
Start building sites … 
hugo v0.148.2+extended+withdeploy darwin/arm64 BuildDate=2025-07-27T12:43:24Z VendorInfo=brew

WARN  Raw HTML omitted while rendering "/Users/carlel/freelancer-tax-blog/project_11k/site/blog/content/search/index.md"; see https://gohugo.io/getting-started/configuration-markup/#rendererunsafe
You can suppress this warning by adding the following to your site configuration:
ignoreLogs = ['warning-goldmark-raw-html']
Total in 19 ms
Error: error building site: render: failed to render pages: render of "/Users/carlel/freelancer-tax-blog/project_11k/site/blog/content/guides/getting-started/index.md" failed: "/Users/carlel/freelancer-tax-blog/project_11k/site/blog/layouts/_default/baseof.html:55:57": execute of template failed: template: guides/single.html:55:57: executing "guides/single.html" at <partial "coverpicture.html" .>: error calling partial: partial "coverpicture.html" not found
[2025-09-01T00:18:43+0100] BUILD
Start building sites … 
hugo v0.148.2+extended+withdeploy darwin/arm64 BuildDate=2025-07-27T12:43:24Z VendorInfo=brew

WARN  Raw HTML omitted while rendering "/Users/carlel/freelancer-tax-blog/project_11k/site/blog/content/search/index.md"; see https://gohugo.io/getting-started/configuration-markup/#rendererunsafe
You can suppress this warning by adding the following to your site configuration:
ignoreLogs = ['warning-goldmark-raw-html']
Total in 20 ms
Error: error building site: render: failed to render pages: render of "/Users/carlel/freelancer-tax-blog/project_11k/site/blog/content/guides/getting-started/index.md" failed: "/Users/carlel/freelancer-tax-blog/project_11k/site/blog/layouts/_default/baseof.html:55:57": execute of template failed: template: guides/single.html:55:57: executing "guides/single.html" at <partial "coverpicture.html" .>: error calling partial: partial "coverpicture.html" not found
[2025-09-01T00:18:44+0100] BUILD
Start building sites … 
hugo v0.148.2+extended+withdeploy darwin/arm64 BuildDate=2025-07-27T12:43:24Z VendorInfo=brew

WARN  Raw HTML omitted while rendering "/Users/carlel/freelancer-tax-blog/project_11k/site/blog/content/search/index.md"; see https://gohugo.io/getting-started/configuration-markup/#rendererunsafe
You can suppress this warning by adding the following to your site configuration:
ignoreLogs = ['warning-goldmark-raw-html']
Total in 18 ms
Error: error building site: render: failed to render pages: render of "/Users/carlel/freelancer-tax-blog/project_11k/site/blog/content/guides/getting-started/index.md" failed: "/Users/carlel/freelancer-tax-blog/project_11k/site/blog/layouts/_default/baseof.html:55:57": execute of template failed: template: guides/single.html:55:57: executing "guides/single.html" at <partial "coverpicture.html" .>: error calling partial: partial "coverpicture.html" not found
[2025-09-01T00:18:46+0100] BUILD
Start building sites … 
hugo v0.148.2+extended+withdeploy darwin/arm64 BuildDate=2025-07-27T12:43:24Z VendorInfo=brew

WARN  Raw HTML omitted while rendering "/Users/carlel/freelancer-tax-blog/project_11k/site/blog/content/search/index.md"; see https://gohugo.io/getting-started/configuration-markup/#rendererunsafe
You can suppress this warning by adding the following to your site configuration:
ignoreLogs = ['warning-goldmark-raw-html']
Total in 19 ms
Error: error building site: render: failed to render pages: render of "/Users/carlel/freelancer-tax-blog/project_11k/site/blog/content/guides/getting-started/index.md" failed: "/Users/carlel/freelancer-tax-blog/project_11k/site/blog/layouts/_default/baseof.html:55:57": execute of template failed: template: guides/single.html:55:57: executing "guides/single.html" at <partial "coverpicture.html" .>: error calling partial: partial "coverpicture.html" not found
[2025-09-01T00:18:47+0100] BUILD
Start building sites … 
hugo v0.148.2+extended+withdeploy darwin/arm64 BuildDate=2025-07-27T12:43:24Z VendorInfo=brew

WARN  Raw HTML omitted while rendering "/Users/carlel/freelancer-tax-blog/project_11k/site/blog/content/search/index.md"; see https://gohugo.io/getting-started/configuration-markup/#rendererunsafe
You can suppress this warning by adding the following to your site configuration:
ignoreLogs = ['warning-goldmark-raw-html']
Total in 19 ms
Error: error building site: render: failed to render pages: render of "/Users/carlel/freelancer-tax-blog/project_11k/site/blog/content/guides/getting-started/index.md" failed: "/Users/carlel/freelancer-tax-blog/project_11k/site/blog/layouts/_default/baseof.html:55:57": execute of template failed: template: guides/single.html:55:57: executing "guides/single.html" at <partial "coverpicture.html" .>: error calling partial: partial "coverpicture.html" not found
[2025-09-01T00:18:48+0100] BUILD
Start building sites … 
hugo v0.148.2+extended+withdeploy darwin/arm64 BuildDate=2025-07-27T12:43:24Z VendorInfo=brew

WARN  Raw HTML omitted while rendering "/Users/carlel/freelancer-tax-blog/project_11k/site/blog/content/search/index.md"; see https://gohugo.io/getting-started/configuration-markup/#rendererunsafe
You can suppress this warning by adding the following to your site configuration:
ignoreLogs = ['warning-goldmark-raw-html']
Total in 18 ms
Error: error building site: render: failed to render pages: render of "/Users/carlel/freelancer-tax-blog/project_11k/site/blog/content/guides/getting-started/index.md" failed: "/Users/carlel/freelancer-tax-blog/project_11k/site/blog/layouts/_default/baseof.html:55:57": execute of template failed: template: guides/single.html:55:57: executing "guides/single.html" at <partial "coverpicture.html" .>: error calling partial: partial "coverpicture.html" not found
[2025-09-01T00:18:49+0100] BUILD
Start building sites … 
hugo v0.148.2+extended+withdeploy darwin/arm64 BuildDate=2025-07-27T12:43:24Z VendorInfo=brew

WARN  Raw HTML omitted while rendering "/Users/carlel/freelancer-tax-blog/project_11k/site/blog/content/search/index.md"; see https://gohugo.io/getting-started/configuration-markup/#rendererunsafe
You can suppress this warning by adding the following to your site configuration:
ignoreLogs = ['warning-goldmark-raw-html']
Total in 19 ms
Error: error building site: render: failed to render pages: render of "/Users/carlel/freelancer-tax-blog/project_11k/site/blog/content/guides/getting-started/index.md" failed: "/Users/carlel/freelancer-tax-blog/project_11k/site/blog/layouts/_default/baseof.html:55:57": execute of template failed: template: guides/single.html:55:57: executing "guides/single.html" at <partial "coverpicture.html" .>: error calling partial: partial "coverpicture.html" not found
[2025-09-01T00:18:50+0100] BUILD
Start building sites … 
hugo v0.148.2+extended+withdeploy darwin/arm64 BuildDate=2025-07-27T12:43:24Z VendorInfo=brew

WARN  Raw HTML omitted while rendering "/Users/carlel/freelancer-tax-blog/project_11k/site/blog/content/search/index.md"; see https://gohugo.io/getting-started/configuration-markup/#rendererunsafe
You can suppress this warning by adding the following to your site configuration:
ignoreLogs = ['warning-goldmark-raw-html']
Total in 19 ms
Error: error building site: render: failed to render pages: render of "/Users/carlel/freelancer-tax-blog/project_11k/site/blog/content/guides/getting-started/index.md" failed: "/Users/carlel/freelancer-tax-blog/project_11k/site/blog/layouts/_default/baseof.html:55:57": execute of template failed: template: guides/single.html:55:57: executing "guides/single.html" at <partial "coverpicture.html" .>: error calling partial: partial "coverpicture.html" not found
[2025-09-01T00:18:51+0100] BUILD
Start building sites … 
hugo v0.148.2+extended+withdeploy darwin/arm64 BuildDate=2025-07-27T12:43:24Z VendorInfo=brew

WARN  Raw HTML omitted while rendering "/Users/carlel/freelancer-tax-blog/project_11k/site/blog/content/search/index.md"; see https://gohugo.io/getting-started/configuration-markup/#rendererunsafe
You can suppress this warning by adding the following to your site configuration:
ignoreLogs = ['warning-goldmark-raw-html']
Total in 19 ms
Error: error building site: render: failed to render pages: render of "/Users/carlel/freelancer-tax-blog/project_11k/site/blog/content/guides/getting-started/index.md" failed: "/Users/carlel/freelancer-tax-blog/project_11k/site/blog/layouts/_default/baseof.html:55:57": execute of template failed: template: guides/single.html:55:57: executing "guides/single.html" at <partial "coverpicture.html" .>: error calling partial: partial "coverpicture.html" not found
[2025-09-01T00:18:52+0100] BUILD
Start building sites … 
hugo v0.148.2+extended+withdeploy darwin/arm64 BuildDate=2025-07-27T12:43:24Z VendorInfo=brew

WARN  Raw HTML omitted while rendering "/Users/carlel/freelancer-tax-blog/project_11k/site/blog/content/search/index.md"; see https://gohugo.io/getting-started/configuration-markup/#rendererunsafe
You can suppress this warning by adding the following to your site configuration:
ignoreLogs = ['warning-goldmark-raw-html']
Total in 20 ms
Error: error building site: render: failed to render pages: render of "/Users/carlel/freelancer-tax-blog/project_11k/site/blog/content/guides/getting-started.md" failed: "/Users/carlel/freelancer-tax-blog/project_11k/site/blog/layouts/_default/baseof.html:55:57": execute of template failed: template: guides/single.html:55:57: executing "guides/single.html" at <partial "coverpicture.html" .>: error calling partial: partial "coverpicture.html" not found
[2025-09-01T00:18:53+0100] BUILD
Start building sites … 
hugo v0.148.2+extended+withdeploy darwin/arm64 BuildDate=2025-07-27T12:43:24Z VendorInfo=brew

WARN  Raw HTML omitted while rendering "/Users/carlel/freelancer-tax-blog/project_11k/site/blog/content/search/index.md"; see https://gohugo.io/getting-started/configuration-markup/#rendererunsafe
You can suppress this warning by adding the following to your site configuration:
ignoreLogs = ['warning-goldmark-raw-html']
Total in 19 ms
Error: error building site: render: failed to render pages: render of "/Users/carlel/freelancer-tax-blog/project_11k/site/blog/content/guides/getting-started/index.md" failed: "/Users/carlel/freelancer-tax-blog/project_11k/site/blog/layouts/_default/baseof.html:55:57": execute of template failed: template: guides/single.html:55:57: executing "guides/single.html" at <partial "coverpicture.html" .>: error calling partial: partial "coverpicture.html" not found
[2025-09-01T00:18:55+0100] BUILD
Start building sites … 
hugo v0.148.2+extended+withdeploy darwin/arm64 BuildDate=2025-07-27T12:43:24Z VendorInfo=brew

WARN  Raw HTML omitted while rendering "/Users/carlel/freelancer-tax-blog/project_11k/site/blog/content/search/index.md"; see https://gohugo.io/getting-started/configuration-markup/#rendererunsafe
You can suppress this warning by adding the following to your site configuration:
ignoreLogs = ['warning-goldmark-raw-html']
Total in 19 ms
Error: error building site: render: failed to render pages: render of "/Users/carlel/freelancer-tax-blog/project_11k/site/blog/content/guides/getting-started/index.md" failed: "/Users/carlel/freelancer-tax-blog/project_11k/site/blog/layouts/_default/baseof.html:55:57": execute of template failed: template: guides/single.html:55:57: executing "guides/single.html" at <partial "coverpicture.html" .>: error calling partial: partial "coverpicture.html" not found
[2025-09-01T00:18:56+0100] BUILD
Start building sites … 
hugo v0.148.2+extended+withdeploy darwin/arm64 BuildDate=2025-07-27T12:43:24Z VendorInfo=brew

WARN  Raw HTML omitted while rendering "/Users/carlel/freelancer-tax-blog/project_11k/site/blog/content/search/index.md"; see https://gohugo.io/getting-started/configuration-markup/#rendererunsafe
You can suppress this warning by adding the following to your site configuration:
ignoreLogs = ['warning-goldmark-raw-html']
Total in 21 ms
Error: error building site: render: failed to render pages: render of "/Users/carlel/freelancer-tax-blog/project_11k/site/blog/content/guides/getting-started/index.md" failed: "/Users/carlel/freelancer-tax-blog/project_11k/site/blog/layouts/_default/baseof.html:55:57": execute of template failed: template: guides/single.html:55:57: executing "guides/single.html" at <partial "coverpicture.html" .>: error calling partial: partial "coverpicture.html" not found
[2025-09-01T00:18:57+0100] BUILD
Start building sites … 
hugo v0.148.2+extended+withdeploy darwin/arm64 BuildDate=2025-07-27T12:43:24Z VendorInfo=brew

WARN  Raw HTML omitted while rendering "/Users/carlel/freelancer-tax-blog/project_11k/site/blog/content/search/index.md"; see https://gohugo.io/getting-started/configuration-markup/#rendererunsafe
You can suppress this warning by adding the following to your site configuration:
ignoreLogs = ['warning-goldmark-raw-html']
Total in 21 ms
Error: error building site: render: failed to render pages: render of "/Users/carlel/freelancer-tax-blog/project_11k/site/blog/content/guides/getting-started/index.md" failed: "/Users/carlel/freelancer-tax-blog/project_11k/site/blog/layouts/_default/baseof.html:55:57": execute of template failed: template: guides/single.html:55:57: executing "guides/single.html" at <partial "coverpicture.html" .>: error calling partial: partial "coverpicture.html" not found
